<?xml version="1.0" encoding="UTF-8"?>
<!-- Generated by org.testng.reporters.JUnitReportReporter -->
<testsuite hostname="DESKTOP-MQT2582" failures="0" tests="1" name="com.orange.testCases.TC_LoginTest" time="1.076" errors="0" timestamp="2024-01-04T17:02:15 IST" skipped="0">
  <testcase classname="com.orange.testCases.TC_LoginTest" name="verifylogin" time="1.076"/>
  <system-out/>
</testsuite> <!-- com.orange.testCases.TC_LoginTest -->
